<?xml version="1.0" encoding="UTF-8"?>
<testng-results ignored="0" total="1" passed="1" failed="0" skipped="0">
  <reporter-output>
  </reporter-output>
  <suite started-at="2024-11-26T20:53:04 IST" name="Default suite" finished-at="2024-11-26T20:55:45 IST" duration-ms="160888">
    <groups>
    </groups>
    <test started-at="2024-11-26T20:53:04 IST" name="Default test" finished-at="2024-11-26T20:55:45 IST" duration-ms="160888">
      <class name="scrapingData.ScrapQuelityMarine">
        <test-method is-config="true" signature="startBrowser()[pri:0, instance:scrapingData.ScrapQuelityMarine@4efac082]" started-at="2024-11-26T20:53:04 IST" name="startBrowser" finished-at="2024-11-26T20:53:16 IST" duration-ms="12498" status="PASS">
          <reporter-output>
          </reporter-output>
        </test-method> <!-- startBrowser -->
        <test-method signature="test()[pri:0, instance:scrapingData.ScrapQuelityMarine@4efac082]" started-at="2024-11-26T20:53:16 IST" name="test" finished-at="2024-11-26T20:55:44 IST" duration-ms="147985" status="PASS">
          <reporter-output>
          </reporter-output>
        </test-method> <!-- test -->
        <test-method is-config="true" signature="closeBrowser()[pri:0, instance:scrapingData.ScrapQuelityMarine@4efac082]" started-at="2024-11-26T20:55:44 IST" name="closeBrowser" finished-at="2024-11-26T20:55:45 IST" duration-ms="309" status="PASS">
          <reporter-output>
          </reporter-output>
        </test-method> <!-- closeBrowser -->
      </class> <!-- scrapingData.ScrapQuelityMarine -->
    </test> <!-- Default test -->
  </suite> <!-- Default suite -->
</testng-results>
